2025-09-26 09:19:24,922 - 这次的优化目标是带有系数的ITAEall，速度反向，两吊机小车乘以0.5，两侧的吊缆长度是7060，速度是1m/s，控制时间间隔0.1秒
2025-09-26 09:19:34,822 - 这次的优化目标是带有系数的ITAEall，速度反向，两吊机小车乘以0.5，两侧的吊缆长度是7060，速度是1m/s，控制时间间隔0.1秒
2025-09-26 09:19:35,809 - 这次的优化目标是带有系数的ITAEall，速度反向，两吊机小车乘以0.5，两侧的吊缆长度是7060，速度是1m/s，控制时间间隔0.1秒
2025-09-26 09:19:36,020 - 这次的优化目标是带有系数的ITAEall，速度反向，两吊机小车乘以0.5，两侧的吊缆长度是7060，速度是1m/s，控制时间间隔0.1秒
2025-09-26 09:20:01,305 - 这次的优化目标是带有系数的ITAEall，速度反向，两吊机小车乘以0.5，两侧的吊缆长度是7060，速度是1m/s，控制时间间隔0.1秒
2025-09-26 09:20:43,775 - 输入参数: [2.27569293e+06 4.70699394e+06 9.80297051e+00 2.92440809e+01
 5.69060983e+07 6.09987415e+07], 计算结果: 4316.357584136914
2025-09-26 09:21:02,850 - 输入参数: [2.43150992e+06 6.50201497e+06 2.28659333e+02 8.27939763e+02
 3.99948697e+07 8.35286988e+07], 计算结果: 4216.828602429601
2025-09-26 09:21:22,696 - 输入参数: [8.09357774e+06 7.74392544e+06 6.85307574e+02 6.78160643e+02
 3.54886496e+06 8.45798879e+07], 计算结果: 5357.240432205276
2025-09-26 09:21:42,058 - 输入参数: [7.20419209e+05 4.91769241e+06 8.48791360e+02 5.90749676e+02
 5.77397599e+06 1.33482129e+06], 计算结果: 6390.817400365494
2025-09-26 09:22:01,916 - 输入参数: [5.75504633e+05 3.97299907e+05 9.31372202e+02 2.23462846e+02
 7.44580067e+07 6.00182414e+07], 计算结果: 4267.842214907284
2025-09-26 09:22:21,579 - 输入参数: [9.30555495e+06 1.50012782e+06 6.14622339e+02 8.53040618e+02
 6.83850488e+07 8.36719599e+07], 计算结果: 4080.7431019341593
2025-09-26 09:22:41,030 - 输入参数: [4.80390945e+06 9.75903349e+06 5.30677758e+02 7.56096957e+02
 4.48680817e+07 9.45127353e+07], 计算结果: 4317.275314993686
2025-09-26 09:23:00,397 - 输入参数: [1.72076547e+06 2.93963172e+06 5.50431910e+02 5.16214451e+02
 2.51802744e+07 2.43169633e+07], 计算结果: 4294.0214194187565
2025-09-26 09:23:19,912 - 输入参数: [8.07559706e+06 2.00921472e+06 1.71189538e+02 2.56688917e+01
 7.79624812e+07 4.35636699e+07], 计算结果: 4302.264243641063
2025-09-26 09:23:38,568 - 输入参数: [3.29359713e+06 3.22635588e+06 3.56631837e+02 8.10072026e+02
 8.78422797e+07 5.90837724e+07], 计算结果: 4014.837361234148
2025-09-26 09:23:57,522 - 输入参数: [2.87572814e+06 3.91058240e+06 2.11700661e+02 9.65933362e+02
 8.42224752e+07 9.44409619e+06], 计算结果: 4777.19027057449
2025-09-26 09:24:16,507 - 输入参数: [5.57768110e+06 4.55503468e+06 7.22259223e+01 8.19476491e+02
 6.32917063e+07 5.79474405e+07], 计算结果: 4128.737920380871
2025-09-26 09:24:31,696 - 输入参数: [5.38974627e+06 6.40512254e+06 8.86028784e+02 3.38553894e+02
 5.52397399e+05 1.48461883e+05], 计算结果: 9481.3954085636
2025-09-26 09:24:50,577 - 输入参数: [5.71763673e+06 4.19573209e+06 1.80259917e+02 5.39751632e+02
 3.39774636e+07 4.17635408e+06], 计算结果: 5945.293259310206
2025-09-26 09:25:09,893 - 输入参数: [3.40358034e+06 1.39091709e+06 2.48053803e+01 9.25545011e+02
 1.69403309e+07 9.24736530e+07], 计算结果: 4408.814025414743
2025-09-26 09:25:29,055 - 输入参数: [6.88291663e+06 2.91994655e+06 8.98279055e+02 7.70524707e+01
 2.44791998e+07 5.93831439e+06], 计算结果: 5605.757625842022
2025-09-26 09:25:48,045 - 输入参数: [5.71916621e+06 6.39954360e+06 5.61732577e+02 2.04029724e+02
 7.78402533e+07 2.62490989e+07], 计算结果: 4325.770321693029
2025-09-26 09:26:07,714 - 输入参数: [5.20025158e+06 3.15840196e+06 7.24817168e+02 6.42767397e+02
 2.88145308e+07 3.06316330e+07], 计算结果: 4549.688908435686
2025-09-26 09:26:26,573 - 输入参数: [4.36309941e+06 9.44467790e+06 6.76193750e+02 6.50802224e+02
 8.60449829e+07 1.52753285e+07], 计算结果: 5264.762386966542
2025-09-26 09:26:45,776 - 输入参数: [9.54725689e+06 5.87281974e+06 4.17520030e+02 5.80368893e+02
 5.85619719e+07 1.89921223e+07], 计算结果: 4713.771492168157
2025-09-26 09:27:04,947 - 输入参数: [4.81022565e+06 9.09500614e+06 7.80357094e+02 3.10279580e+02
 5.97110503e+07 9.52516499e+07], 计算结果: 4327.988787308782
2025-09-26 09:27:24,428 - 输入参数: [6.95071023e+06 2.77100121e+06 3.98668494e+02 4.91527971e+02
 9.36079899e+07 8.84258149e+07], 计算结果: 4272.321100049534
2025-09-26 09:27:43,516 - 输入参数: [8.85847800e+06 4.59355957e+06 5.96749309e+02 6.69781793e+02
 9.46083996e+07 7.45780331e+07], 计算结果: 4211.713934614488
2025-09-26 09:28:02,760 - 输入参数: [8.20097637e+06 7.82158100e+06 5.91672965e+02 7.13614035e+02
 3.83181903e+06 5.66195878e+07], 计算结果: 5329.866915410919
2025-09-26 09:28:21,508 - 输入参数: [5.58180416e+06 2.20581560e+06 5.49880391e+02 6.71736577e+02
 7.75023746e+07 5.06009234e+07], 计算结果: 4083.8063152394275
2025-09-26 09:28:40,587 - 输入参数: [2.69443779e+06 1.78600939e+06 9.07606128e+02 3.87294020e+02
 5.17979493e+07 9.55352931e+07], 计算结果: 4309.496165149208
2025-09-26 09:28:59,972 - 输入参数: [3.55641963e+06 4.87817859e+06 5.84421057e+02 2.92725814e+02
 1.77661089e+07 8.96252718e+07], 计算结果: 4377.809628362806
2025-09-26 09:29:19,573 - 输入参数: [9.55425021e+06 3.77070941e+05 7.93812708e+02 9.00984438e+02
 7.83359941e+07 6.15763978e+06], 计算结果: 4410.899851817724
2025-09-26 09:29:38,389 - 输入参数: [2.22064224e+06 5.88419077e+06 7.91968401e+02 2.54331755e+02
 5.62420485e+07 1.02168567e+07], 计算结果: 5168.312091421309
2025-09-26 09:29:57,448 - 输入参数: [6.89704088e+05 9.16611525e+06 4.16054913e+01 8.56794062e+01
 5.43509820e+07 1.97399930e+07], 计算结果: 5009.276674789431
2025-09-26 09:30:16,877 - 输入参数: [9.84138203e+06 9.03881398e+06 4.64097501e+01 2.73057495e+02
 2.88132302e+07 8.33586300e+07], 计算结果: 4526.298922365678
2025-09-26 09:30:35,993 - 输入参数: [9.95289201e+06 2.16043435e+06 6.93732669e+02 1.21503222e+02
 8.81356602e+06 2.93098159e+07], 计算结果: 5192.812378288453
2025-09-26 09:30:54,760 - 输入参数: [4.14052362e+06 5.88397734e+06 3.30740909e+02 5.29277708e+02
 7.70158718e+07 9.17282347e+06], 计算结果: 5134.9534760825045
2025-09-26 09:31:14,164 - 输入参数: [3.18447329e+06 2.18902603e+06 1.37519442e+02 2.49261435e+02
 3.21172453e+07 9.62182268e+07], 计算结果: 4138.902437204913
2025-09-26 09:31:32,861 - 输入参数: [1.20067584e+06 7.26924222e+06 9.47048693e+02 3.18775680e+02
 8.71427600e+07 9.75333773e+07], 计算结果: 4231.781538288131
2025-09-26 09:31:51,602 - 输入参数: [7.22406908e+06 3.33453803e+06 3.74660923e+02 7.39160417e+02
 3.56918641e+07 1.98965085e+07], 计算结果: 4329.815488917166
2025-09-26 09:32:09,979 - 输入参数: [3.94987955e+06 2.68627527e+05 2.06155614e+02 4.00416797e+02
 6.03042493e+05 9.22219395e+07], 计算结果: 5545.590479173775
2025-09-26 09:32:29,830 - 输入参数: [6.75307694e+06 6.70797801e+06 5.94062195e+02 6.51871273e+01
 8.80755267e+07 7.89727908e+07], 计算结果: 4131.686775731638
2025-09-26 09:32:49,028 - 输入参数: [5.18958658e+06 7.08607401e+05 5.91657461e+02 1.23432560e+02
 4.91895045e+07 8.76857891e+07], 计算结果: 4226.58692155427
2025-09-26 09:33:08,551 - 输入参数: [2.39307498e+06 5.71139530e+06 4.07321226e+01 3.47602893e+02
 5.66275026e+07 8.97335491e+07], 计算结果: 4086.7962591932965
2025-09-26 09:33:28,020 - 输入参数: [4.57948824e+06 3.06386670e+06 2.20564356e+02 3.15705650e+02
 2.63519149e+07 3.66191920e+07], 计算结果: 4288.893848066152
2025-09-26 09:33:47,119 - 输入参数: [9.93331649e+06 7.25839020e+06 9.93531820e+02 2.56474035e+02
 3.31681692e+06 7.13105882e+07], 计算结果: 5307.7743556287205
2025-09-26 09:34:05,753 - 输入参数: [9.05250078e+06 8.01019267e+06 7.95408781e+01 8.54865098e+02
 6.03788010e+07 8.74885227e+06], 计算结果: 5638.928330211681
2025-09-26 09:34:24,840 - 输入参数: [3.93355213e+06 1.77491745e+06 9.34294296e+01 2.08427106e+02
 6.34090690e+07 3.93011082e+07], 计算结果: 4112.978165797538
2025-09-26 09:34:43,725 - 输入参数: [2.66158176e+05 2.76165197e+05 6.10900720e+02 2.96033131e+02
 8.95770531e+07 9.99079770e+07], 计算结果: 4908.753231907573
2025-09-26 09:35:03,765 - 输入参数: [4.95694959e+05 3.75504414e+06 3.77566499e+02 9.42307986e+02
 4.78555755e+06 6.69254422e+07], 计算结果: 4436.124155962638
2025-09-26 09:35:22,761 - 输入参数: [9.23473584e+06 1.52781762e+06 8.50094101e+02 2.69319751e+02
 1.46114843e+07 2.34204747e+07], 计算结果: 4762.755266337791
2025-09-26 09:35:41,756 - 输入参数: [8.04929708e+06 6.29490490e+06 7.67391001e+02 7.31478342e+02
 3.74760842e+06 7.11521142e+07], 计算结果: 5141.829146740237
2025-09-26 09:36:01,181 - 输入参数: [4.17154471e+06 9.55742035e+05 1.96823137e+02 2.22111233e+01
 2.04683703e+07 1.17251153e+07], 计算结果: 4437.580681704056
2025-09-26 09:36:20,128 - 输入参数: [7.85255511e+06 4.63672016e+06 4.90634689e+02 6.03044640e+02
 6.84746390e+07 3.44381483e+07], 计算结果: 4354.117050694822
2025-09-26 09:36:39,813 - 输入参数: [2.67154088e+06 2.43141280e+06 0.00000000e+00 0.00000000e+00
 1.00000000e+08 5.86773157e+07], 计算结果: 4097.7118092447035
2025-09-26 09:36:59,492 - 输入参数: [3.31300984e+06 4.44593491e+06 4.85521958e+02 8.10729939e+02
 1.00000000e+08 5.34853913e+07], 计算结果: 4106.093566337892
2025-09-26 09:37:20,100 - 输入参数: [4.07824235e+06 0.00000000e+00 5.27298123e+02 8.15494247e+02
 5.02524868e+07 3.90343426e+06], 计算结果: 4987.380783003709
2025-09-26 09:37:38,889 - 输入参数: [0.00000000e+00 1.00000000e+07 2.82377679e+02 1.28616757e+02
 1.00000000e+08 1.00000000e+08], 计算结果: 4440.694926224542
2025-09-26 09:37:57,726 - 输入参数: [0.00000000e+00 4.10657151e+06 9.03050370e+00 4.79611447e+02
 6.55094192e+07 5.91018269e+07], 计算结果: 4617.542283496545
2025-09-26 09:38:11,341 - 输入参数: [1.00000000e+07 1.00000000e+07 5.63009470e+02 9.19269067e+02
 0.00000000e+00 8.38388886e+07], 计算结果: 6944.155005884789
2025-09-26 09:38:29,733 - 输入参数: [2.90219544e+06 5.36416239e+06 2.58507570e+02 7.58610577e+02
 7.63734921e+07 1.48550317e+06], 计算结果: 6204.010629640429
2025-09-26 09:38:43,867 - 输入参数: [4.39472141e+06 3.96302516e+06 4.50649924e+02 6.74377653e+02
 0.00000000e+00 5.98870094e+07], 计算结果: 5743.237283699838
2025-09-26 09:39:03,165 - 输入参数: [0.00000000e+00 0.00000000e+00 0.00000000e+00 0.00000000e+00
 4.54398084e+07 1.00000000e+08], 计算结果: 4728.40113156302
2025-09-26 09:39:22,409 - 输入参数: [6.52788513e+06 6.52625872e+06 0.00000000e+00 8.34773119e+02
 8.15902358e+07 5.49362616e+07], 计算结果: 4088.8118361298866
2025-09-26 09:39:41,997 - 输入参数: [3.08877465e+06 2.59832646e+06 3.73384964e+02 6.20903377e+02
 8.53299943e+07 2.00240138e+07], 计算结果: 4567.916908003072
2025-09-26 09:40:01,176 - 输入参数: [2.22638730e+06 1.00793209e+06 3.46282075e+02 8.13681474e+02
 9.25152711e+07 5.88915140e+07], 计算结果: 4013.6312870594134
2025-09-26 09:40:20,301 - 输入参数: [6.29480744e+06 2.71719991e+06 5.32435911e+02 1.00000000e+03
 5.61524262e+07 4.39707201e+07], 计算结果: 3881.530784872702
2025-09-26 09:40:39,480 - 输入参数: [1.79434168e+06 5.88343235e+06 2.56494396e+02 4.78856999e+02
 9.09119982e+07 2.48886081e+07], 计算结果: 4474.144424064129
2025-09-26 09:40:58,301 - 输入参数: [1.15151580e+06 7.47411910e+06 6.79580494e+01 4.08869558e+02
 2.14875206e+07 3.83317356e+07], 计算结果: 4455.02202053004
2025-09-26 09:41:17,623 - 输入参数: [0.00000000e+00 4.59909271e+06 1.00000000e+03 7.81623406e+01
 2.39737067e+07 1.00000000e+08], 计算结果: 4542.398632034349
2025-09-26 09:41:36,106 - 输入参数: [8.93595296e+06 4.39630798e+06 5.13331349e+02 1.00000000e+03
 7.74507425e+07 2.09681209e+06], 计算结果: 6185.845691792945
2025-09-26 09:41:54,946 - 输入参数: [1.63626574e+06 3.22731693e+06 0.00000000e+00 1.00000000e+03
 6.16208275e+07 4.19237312e+07], 计算结果: 4198.472220406443
2025-09-26 09:42:13,894 - 输入参数: [5.89099841e+06 0.00000000e+00 4.43112351e+02 6.33868214e+02
 5.09015719e+07 5.71281917e+07], 计算结果: 4376.573576343314
2025-09-26 09:42:27,618 - 输入参数: [1.00000000e+07 2.56473409e+06 5.91655225e+02 7.01107237e+02
 0.00000000e+00 4.47567881e+07], 计算结果: 5573.368806253211
2025-09-26 09:42:46,745 - 输入参数: [2.73837608e+06 1.58823649e+06 9.64919493e+01 6.20601615e+02
 9.46264029e+07 3.68783920e+07], 计算结果: 4120.897168324559
2025-09-26 09:43:05,845 - 输入参数: [4.65232783e+06 4.11829063e+06 3.19938700e+02 1.00000000e+03
 8.43061188e+07 1.00000000e+08], 计算结果: 4091.875629635968
2025-09-26 09:43:24,437 - 输入参数: [0.00000000e+00 4.42983256e+06 5.53350044e+02 1.00000000e+03
 1.00000000e+08 1.00000000e+08], 计算结果: 4288.581753094239
2025-09-26 09:43:43,339 - 输入参数: [0.00000000e+00 8.68426678e+06 3.85070805e+02 5.61356295e+02
 8.28488037e+06 2.33509364e+07], 计算结果: 5014.339813861405
2025-09-26 09:44:02,627 - 输入参数: [8.03704453e+06 3.70274040e+06 4.81423720e+02 9.48245598e+02
 8.15670603e+07 5.00428684e+07], 计算结果: 4110.644297490352
2025-09-26 09:44:21,967 - 输入参数: [1.00000000e+07 0.00000000e+00 0.00000000e+00 5.36097838e+01
 7.17037516e+07 6.09819684e+07], 计算结果: 4517.231097112788
2025-09-26 09:44:41,006 - 输入参数: [1.31329478e+06 5.87685569e+06 1.00000000e+03 3.45709142e+02
 1.00000000e+08 1.00000000e+08], 计算结果: 4616.4184170137805
2025-09-26 09:45:00,745 - 输入参数: [1.00000000e+07 2.90805649e+05 6.82880843e+02 1.00000000e+03
 4.54758534e+07 4.91193298e+06], 计算结果: 4808.513195691242
2025-09-26 09:45:19,473 - 输入参数: [6.39420804e+06 4.74892029e+06 0.00000000e+00 1.00000000e+03
 1.00000000e+08 5.43565355e+07], 计算结果: 4177.946444378609
2025-09-26 09:45:38,078 - 输入参数: [1.75951871e+06 2.25444251e+05 1.00000000e+03 6.72942092e+02
 8.74582406e+07 6.56224144e+07], 计算结果: 4279.824154488692
2025-09-26 09:45:52,217 - 输入参数: [4.66512365e+06 4.26447920e+06 0.00000000e+00 6.04884909e+02
 0.00000000e+00 3.40557263e+07], 计算结果: 6925.197493274715
2025-09-26 09:46:10,387 - 输入参数: [1.00000000e+07 7.26357465e+06 6.60568678e+02 7.73010567e+02
 8.79103662e+06 1.00000000e+08], 计算结果: 5139.765254700111
2025-09-26 09:46:29,510 - 输入参数: [2.23324747e+06 2.54627109e+04 1.00000000e+03 2.29425026e+02
 1.00000000e+08 5.92276866e+07], 计算结果: 4887.424133350066
2025-09-26 09:46:48,576 - 输入参数: [3.39911508e+06 4.15668204e+06 2.45553417e+02 1.00000000e+03
 5.36384114e+07 4.10386261e+07], 计算结果: 3877.025551065896
2025-09-26 09:47:07,346 - 输入参数: [3.00151155e+06 6.81430192e+06 0.00000000e+00 1.00000000e+03
 8.74742461e+07 4.81035265e+07], 计算结果: 4198.724509580875
2025-09-26 09:47:26,489 - 输入参数: [0.00000000e+00 0.00000000e+00 1.00000000e+03 6.69537567e+02
 2.80757489e+07 9.96484800e+07], 计算结果: 4644.369798822296
2025-09-26 09:47:45,305 - 输入参数: [3.68690315e+06 1.44770978e+06 3.28880448e+02 1.00000000e+03
 6.86667420e+07 8.73745738e+07], 计算结果: 3953.641775833769
2025-09-26 09:48:04,268 - 输入参数: [6.72423533e+06 2.54673882e+06 2.13315998e+02 7.37421854e+02
 8.78867123e+07 4.90279523e+07], 计算结果: 4021.984650956253
2025-09-26 09:48:18,587 - 输入参数: [1.00000000e+07 4.94531678e+06 0.00000000e+00 1.00000000e+03
 7.23519747e+07 0.00000000e+00], 计算结果: 8133.377090699147
2025-09-26 09:48:37,627 - 输入参数: [3.16778761e+06 3.98725235e+06 0.00000000e+00 7.75307980e+02
 7.89207428e+07 1.78512689e+07], 计算结果: 4241.57350384719
2025-09-26 09:48:56,710 - 输入参数: [3.63893058e+06 3.27579888e+06 2.78892915e+02 7.64871770e+02
 6.24366610e+07 4.17316473e+07], 计算结果: 4241.306889346898
2025-09-26 09:49:16,022 - 输入参数: [2.72627275e+06 0.00000000e+00 4.39766520e+02 4.25991372e+02
 1.00000000e+08 6.06656737e+07], 计算结果: 4486.91520865073
2025-09-26 09:49:34,864 - 输入参数: [7.56470528e+06 4.23607497e+06 4.05471497e+02 8.26570288e+02
 7.73186328e+07 6.46364531e+07], 计算结果: 4029.818990928429
2025-09-26 09:49:54,123 - 输入参数: [7.57415287e+06 2.63545391e+06 2.54454933e+02 6.50555258e+02
 9.56447548e+07 1.32894105e+07], 计算结果: 4182.894407843253
2025-09-26 09:50:13,416 - 输入参数: [5.13216806e+05 5.81494948e+06 0.00000000e+00 3.37555589e+02
 8.54992349e+07 5.56702746e+07], 计算结果: 4234.117035448706
2025-09-26 09:50:32,230 - 输入参数: [2.64062771e+05 3.56955706e+06 2.12182704e+02 4.94748437e+02
 6.96197545e+07 1.00000000e+08], 计算结果: 4273.079395501628
2025-09-26 09:50:45,086 - 输入参数: [1.00000000e+07 1.00000000e+07 3.01799619e+02 7.38391760e+02
 0.00000000e+00 8.20589835e+07], 计算结果: 6996.992634431241
2025-09-26 09:51:03,986 - 输入参数: [0.00000000e+00 0.00000000e+00 0.00000000e+00 7.62370692e+02
 6.68827286e+07 6.18925225e+07], 计算结果: 4647.071898018057
2025-09-26 09:51:23,938 - 输入参数: [5.80868174e+06 0.00000000e+00 5.77829841e+02 0.00000000e+00
 1.00000000e+08 9.36033589e+06], 计算结果: 4228.589691555341
2025-09-26 09:51:43,187 - 输入参数: [8.13192188e+06 4.15949448e+06 2.40938166e+02 1.00000000e+03
 1.00000000e+08 1.00000000e+08], 计算结果: 3992.0473684931203
2025-09-26 09:52:02,410 - 输入参数: [7.28300104e+06 1.08407833e+06 6.23112719e+01 5.50271699e+02
 1.00000000e+08 2.14775044e+07], 计算结果: 3989.7154766220456
2025-09-26 09:52:16,288 - 输入参数: [4.39627092e+06 6.66357470e+06 2.84876499e+02 8.34274212e+02
 0.00000000e+00 1.00000000e+08], 计算结果: 6493.749713512746
2025-09-26 09:52:35,776 - 输入参数: [2.97307367e+06 2.86554376e+06 3.71930549e+02 8.92321291e+02
 5.33557187e+07 2.55599366e+07], 计算结果: 4353.319851727963
2025-09-26 09:52:55,725 - 输入参数: [3.45976686e+06 1.26899930e+06 2.41700880e+02 1.00000000e+03
 5.36108140e+07 8.21947770e+06], 计算结果: 4371.232691553372
2025-09-26 09:53:10,076 - 输入参数: [7.87266900e+06 7.28615015e+06 6.85716036e+00 9.73910773e+02
 1.00000000e+08 0.00000000e+00], 计算结果: 7720.7112658925
2025-09-26 09:53:29,865 - 输入参数: [4.80656543e+06 0.00000000e+00 6.04545377e+02 1.00000000e+03
 1.00000000e+08 3.94542459e+07], 计算结果: 4471.484856227493
2025-09-26 09:53:48,947 - 输入参数: [3.69855449e+06 4.60435889e+06 2.56791690e+02 1.00000000e+03
 5.90603085e+07 8.08620055e+07], 计算结果: 3954.7154259654626
2025-09-26 09:54:07,964 - 输入参数: [3.43371506e+06 4.12106902e+06 3.33199929e+02 1.00000000e+03
 6.78059579e+07 4.59522047e+07], 计算结果: 4023.1850780192954
2025-09-26 09:54:26,896 - 输入参数: [0.00000000e+00 1.00000000e+07 1.43971998e+02 1.00000000e+03
 1.00000000e+08 1.00000000e+08], 计算结果: 4540.878835073451
2025-09-26 09:54:46,418 - 输入参数: [9.19323975e+06 2.72580550e+06 5.32209772e+02 9.38979422e+02
 1.00000000e+08 3.07360683e+07], 计算结果: 4235.442848095636
2025-09-26 09:55:05,448 - 输入参数: [7.68536898e+06 6.44452968e+06 2.29826672e+02 6.52527404e+02
 9.73421385e+07 1.00000000e+08], 计算结果: 4007.2968627414557
2025-09-26 09:55:24,189 - 输入参数: [7.75747130e+06 0.00000000e+00 1.45419766e+02 6.11358143e+02
 3.53368376e+07 6.35552484e+07], 计算结果: 4598.73963384306
2025-09-26 09:55:43,100 - 输入参数: [1.00000000e+07 4.22693068e+06 3.92402311e+02 1.00000000e+03
 6.04132235e+07 4.08534098e+07], 计算结果: 4404.496437513718
2025-09-26 09:56:02,364 - 输入参数: [1.34657179e+06 5.10974408e+06 1.00000000e+03 3.92932787e+02
 3.08153641e+07 9.91601806e+07], 计算结果: 4118.326974426386
2025-09-26 09:56:21,609 - 输入参数: [7.98020212e+05 1.00000000e+07 0.00000000e+00 6.41534306e+02
 1.92378135e+07 3.07221003e+07], 计算结果: 5048.462004764101
2025-09-26 09:56:40,324 - 输入参数: [1.00000000e+07 4.08664851e+06 6.53247741e+01 3.27320937e+02
 1.00000000e+08 9.52510817e+07], 计算结果: 4029.9510373461344
2025-09-26 09:56:58,383 - 输入参数: [0.00000000e+00 2.76135539e+06 3.90709130e+01 1.00000000e+03
 4.90602706e+07 5.12527116e+07], 计算结果: 3974.584582347517
2025-09-26 09:57:12,300 - 输入参数: [0.00000000e+00 1.90640069e+06 1.00000000e+03 1.00000000e+03
 0.00000000e+00 1.00000000e+08], 计算结果: 18967.298170725815
2025-09-26 09:57:31,472 - 输入参数: [3.75893123e+06 1.56156748e+06 3.24260075e+02 7.75489176e+02
 5.31657089e+07 3.48907869e+07], 计算结果: 4216.367442314777
2025-09-26 09:57:45,286 - 输入参数: [0.e+00 1.e+07 0.e+00 1.e+03 0.e+00 1.e+08], 计算结果: 7253.525521563499
2025-09-26 09:57:58,909 - 输入参数: [9.96894910e+06 9.33910299e+06 5.12015060e+02 1.00000000e+03
 0.00000000e+00 8.21757350e+07], 计算结果: 6709.498851003681
2025-09-26 09:58:17,926 - 输入参数: [2.61909812e+06 7.42138657e+06 2.32136994e+02 1.00000000e+03
 1.00000000e+08 7.54589301e+07], 计算结果: 4194.102529224072
2025-09-26 09:58:30,826 - 输入参数: [0.00000000e+00 9.53081568e+06 1.05732732e+02 1.00000000e+03
 0.00000000e+00 8.64809603e+07], 计算结果: 10413.166375689068
2025-09-26 09:58:49,620 - 输入参数: [1.00000000e+07 3.96936385e+06 5.01604735e+02 7.31241651e+02
 3.27523684e+07 4.76167947e+07], 计算结果: 4570.563954129793
2025-09-26 09:59:08,542 - 输入参数: [0.00000000e+00 4.27732790e+06 0.00000000e+00 1.00000000e+03
 1.00000000e+08 9.66723279e+07], 计算结果: 4442.195606505009
2025-09-26 09:59:22,347 - 输入参数: [1.00000000e+07 6.15749121e+06 0.00000000e+00 7.85012038e+02
 7.86219446e+07 0.00000000e+00], 计算结果: 8528.174228256466
2025-09-26 09:59:42,005 - 输入参数: [0.00000000e+00 1.77324934e+05 0.00000000e+00 1.00000000e+03
 7.78045461e+07 1.00000000e+08], 计算结果: 5502.093250859166
2025-09-26 10:00:00,506 - 输入参数: [1.00000000e+07 4.83388492e+05 8.38934549e+02 1.00000000e+03
 8.16770685e+06 9.29621115e+07], 计算结果: 5159.687069815142
2025-09-26 10:00:14,025 - 输入参数: [5.80553521e+06 5.17065723e+06 3.95329943e+02 6.93425621e+02
 0.00000000e+00 8.31092680e+06], 计算结果: 9408.202634765305
2025-09-26 10:00:33,038 - 输入参数: [1.94940686e+06 5.71797343e+06 1.00000000e+03 1.00000000e+03
 5.54337264e+07 2.36543885e+07], 计算结果: 4497.355218312107
2025-09-26 10:00:52,277 - 输入参数: [3.18851554e+06 4.16671628e+06 4.89765824e+02 1.00000000e+03
 1.00000000e+08 3.60009548e+07], 计算结果: 4090.7331121443617
2025-09-26 10:01:05,486 - 输入参数: [0.00000000e+00 1.00000000e+07 0.00000000e+00 8.24624907e+02
 4.80041722e+07 0.00000000e+00], 计算结果: 10812.721967922353
2025-09-26 10:01:24,097 - 输入参数: [0.00000000e+00 1.59464328e+04 6.04669686e+02 6.50381985e+02
 1.40175526e+06 6.96394392e+07], 计算结果: 4648.466511371677
2025-09-26 10:01:43,335 - 输入参数: [3.39911508e+06 4.15668204e+06 2.45553417e+02 1.00000000e+03
 5.36384114e+07 4.10386261e+07], 计算结果: 3877.025551065896
2025-09-26 10:02:02,231 - 输入参数: [3.62845606e+06 7.03946193e+06 3.33176933e+02 1.00000000e+03
 3.68356213e+07 4.17470353e+07], 计算结果: 4401.887979345847
2025-09-26 10:02:16,399 - 输入参数: [2.73520766e+06 2.69380177e+06 9.98723557e+02 5.02217648e+02
 5.93723759e+07 0.00000000e+00], 计算结果: 9466.209943550959
2025-09-26 10:02:35,066 - 输入参数: [3.68273072e+06 9.85272618e+05 3.26136855e+02 1.00000000e+03
 5.91805686e+07 4.35347157e+07], 计算结果: 4026.8785177546238
2025-09-26 10:02:52,801 - 输入参数: [1.00000000e+07 5.02585161e+06 2.18453711e+02 4.53126889e+02
 2.74387194e+06 0.00000000e+00], 计算结果: 10126.56480162888
2025-09-26 10:03:11,300 - 输入参数: [7.47429407e+06 3.09706740e+06 0.00000000e+00 1.00000000e+03
 4.26550754e+07 1.59729722e+07], 计算结果: 4398.996094475309
2025-09-26 10:03:30,521 - 输入参数: [8.72999679e+06 2.98016709e+06 1.00000000e+03 8.13689533e+02
 1.00000000e+08 3.79068512e+07], 计算结果: 4190.710180387015
2025-09-26 10:03:45,708 - 输入参数: [6.43762956e+06 9.70593650e+05 2.70881037e+02 5.40997750e+02
 5.26141043e+07 0.00000000e+00], 计算结果: 8904.091402949234
2025-09-26 10:03:57,855 - 输入参数: [1.00000000e+07 0.00000000e+00 1.62387618e+02 0.00000000e+00
 3.02671741e+07 0.00000000e+00], 计算结果: 13060.325927644699
2025-09-26 10:04:16,965 - 输入参数: [1.00000000e+07 0.00000000e+00 7.77027216e+02 6.19484325e+02
 3.32527729e+07 6.57434318e+07], 计算结果: 4724.91112633717
2025-09-26 10:04:31,032 - 输入参数: [7.27610766e+06 0.00000000e+00 2.23459190e+02 2.51931423e+02
 0.00000000e+00 9.49510760e+07], 计算结果: 6394.449540375954
2025-09-26 10:04:45,929 - 输入参数: [5.63349122e+06 2.49416487e+06 3.23057952e+02 0.00000000e+00
 8.30761426e+07 0.00000000e+00], 计算结果: 7738.692252090645
2025-09-26 10:05:05,440 - 输入参数: [3.77420833e+06 4.74567483e+06 1.94362259e+02 9.82509215e+02
 4.38936977e+07 1.85002519e+07], 计算结果: 4280.604077710451
2025-09-26 10:05:19,793 - 输入参数: [6.99975128e+06 9.89829890e+06 3.59916428e+02 7.50378302e+02
 9.43169657e+07 0.00000000e+00], 计算结果: 7535.880933553679
2025-09-26 10:05:38,550 - 输入参数: [0.00000000e+00 5.67204037e+06 7.29117981e+01 8.61556129e+02
 4.00270474e+07 4.43880605e+07], 计算结果: 4217.185373398816
2025-09-26 10:05:52,926 - 输入参数: [4.94375649e+06 4.09839770e+06 6.96909372e+02 1.00000000e+03
 4.53205954e+04 2.38556138e+07], 计算结果: 6516.3753811512215
2025-09-26 10:06:07,593 - 输入参数: [0.00000000e+00 4.15211631e+06 2.37889513e+02 1.00000000e+03
 6.32979612e+07 0.00000000e+00], 计算结果: 9058.726642734993
2025-09-26 10:06:22,403 - 输入参数: [9.22134395e+06 4.32761022e+06 1.31084500e+02 1.00000000e+03
 7.23838182e+07 0.00000000e+00], 计算结果: 7158.505625793721
2025-09-26 10:06:41,408 - 输入参数: [3.09084729e+06 4.07467080e+06 1.80717707e+02 9.94630347e+02
 9.38865411e+07 2.63144301e+07], 计算结果: 4270.638883824429
2025-09-26 10:07:00,259 - 输入参数: [7.92565588e+06 0.00000000e+00 2.52862633e+02 1.00000000e+03
 1.58251490e+07 5.11709034e+07], 计算结果: 5011.913128865546
2025-09-26 10:07:19,424 - 输入参数: [4.46665971e+05 3.62812126e+06 1.00000000e+03 1.00000000e+03
 1.00000000e+08 5.96263328e+06], 计算结果: 5291.027145519445
2025-09-26 10:07:33,075 - 输入参数: [2.67134172e+06 2.55207435e+06 0.00000000e+00 1.00000000e+03
 0.00000000e+00 4.92977452e+07], 计算结果: 6283.721405151273
2025-09-26 10:07:52,118 - 输入参数: [0.00000000e+00 5.59142631e+06 3.96485053e+02 7.68597914e+02
 1.00000000e+08 2.29072027e+07], 计算结果: 4821.423023680208
2025-09-26 10:08:10,890 - 输入参数: [3.00645407e+06 8.39029234e+06 2.58384298e+02 1.00000000e+03
 6.61653727e+07 4.32416500e+07], 计算结果: 4320.959243075032
2025-09-26 10:08:23,368 - 输入参数: [5.98559976e+05 0.00000000e+00 0.00000000e+00 6.32632979e+02
 1.00000000e+08 0.00000000e+00], 计算结果: 20383.705481945603
2025-09-26 10:08:42,098 - 输入参数: [3.63772425e+06 9.99688988e+06 4.56176599e+02 9.55637009e+02
 7.27709035e+07 1.00000000e+08], 计算结果: 4068.575070267085
2025-09-26 10:08:56,074 - 输入参数: [7.99143744e+06 0.00000000e+00 7.65769753e+02 9.62009427e+02
 0.00000000e+00 8.74605296e+07], 计算结果: 7360.959149334517
2025-09-26 10:09:14,764 - 输入参数: [4.02357048e+06 6.05477049e+06 2.40193534e+02 5.37066660e+02
 1.24588993e+06 1.00000000e+08], 计算结果: 5377.7720913232115
2025-09-26 10:09:33,816 - 输入参数: [3.04548017e+06 0.00000000e+00 7.66741664e+02 1.00000000e+03
 5.66570795e+07 4.64119850e+07], 计算结果: 4517.720730547853
2025-09-26 10:09:52,813 - 输入参数: [1.00000000e+07 0.00000000e+00 3.20457718e+02 9.82055535e+02
 1.00000000e+08 4.25521494e+07], 计算结果: 4481.402005093516
2025-09-26 10:10:11,754 - 输入参数: [5.47371695e+06 5.07797982e+06 5.74100999e+01 0.00000000e+00
 2.95392850e+07 9.96395195e+07], 计算结果: 4172.6032187707
2025-09-26 10:10:31,050 - 输入参数: [3.23873858e+06 4.23753674e+06 4.92608107e+02 8.42647928e+02
 4.82659125e+07 5.14390554e+07], 计算结果: 4084.478133061051
2025-09-26 10:10:44,785 - 输入参数: [4.28393131e+06 4.11872628e+06 1.75246534e+02 1.00000000e+03
 0.00000000e+00 5.34298947e+07], 计算结果: 6115.972350960249
2025-09-26 10:11:03,810 - 输入参数: [2.16447952e+06 0.00000000e+00 8.17025413e+02 1.00000000e+03
 5.98710865e+07 4.17087155e+07], 计算结果: 4647.742060466382
2025-09-26 10:11:23,430 - 输入参数: [1.87253234e+06 2.17334921e+06 0.00000000e+00 1.00000000e+03
 6.33755263e+07 4.82799057e+06], 计算结果: 5139.8428704087155
2025-09-26 10:11:42,779 - 输入参数: [3.75680389e+06 3.52948097e+06 2.13368218e+02 1.00000000e+03
 5.30595322e+07 4.65078898e+07], 计算结果: 4249.077404240761
2025-09-26 10:12:01,741 - 输入参数: [3.65537792e+06 4.33209228e+06 1.03245764e+02 1.00000000e+03
 2.32891439e+07 3.12176791e+07], 计算结果: 4525.0285184943705
2025-09-26 10:12:16,736 - 输入参数: [1.56367807e+06 9.80916038e+05 0.00000000e+00 1.00000000e+03
 0.00000000e+00 3.66453574e+07], 计算结果: 5977.169581711545
2025-09-26 10:12:35,365 - 输入参数: [2.19280856e+06 7.11854229e+06 2.45029271e+02 1.00000000e+03
 9.93224794e+07 4.20635359e+07], 计算结果: 4237.72659825204
2025-09-26 10:12:40,387 - 输入参数: [4.21065086e+06 9.37233064e+06 1.28958850e+01 1.00000000e+03
 0.00000000e+00 0.00000000e+00], 计算结果: 11354.86808381986
2025-09-26 10:12:58,808 - 输入参数: [1.00000000e+07 0.00000000e+00 9.07856904e+02 2.52584760e+02
 2.09282808e+07 1.00000000e+08], 计算结果: 4871.8403170961765
2025-09-26 10:13:13,039 - 输入参数: [0.00000000e+00 3.86453881e+06 5.17512590e+01 1.00000000e+03
 1.00000000e+08 0.00000000e+00], 计算结果: 10068.024583944087
2025-09-26 10:13:27,187 - 输入参数: [8.7657925e+06 1.0000000e+07 0.0000000e+00 1.0000000e+03 1.0000000e+08
 0.0000000e+00], 计算结果: 8685.033066645294
2025-09-26 10:13:43,014 - 输入参数: [4.18530106e+06 2.44589666e+06 3.16077307e+02 1.00000000e+03
 3.95349390e+07 0.00000000e+00], 计算结果: 7061.965069915648
2025-09-26 10:14:02,992 - 输入参数: [7.78833927e+06 0.00000000e+00 0.00000000e+00 2.22095638e+02
 1.00000000e+08 1.00000000e+08], 计算结果: 4260.045379956402
2025-09-26 10:14:21,505 - 输入参数: [4.83779646e+06 1.00000000e+07 0.00000000e+00 1.00000000e+03
 1.00000000e+08 1.00000000e+08], 计算结果: 4143.429665516859
2025-09-26 10:14:40,826 - 输入参数: [7.13856969e+06 4.45851772e+06 4.93473377e+02 1.00000000e+03
 1.00000000e+08 2.00142359e+07], 计算结果: 4335.825254925204
2025-09-26 10:15:00,077 - 输入参数: [3.30219167e+06 0.00000000e+00 0.00000000e+00 8.58115684e+02
 7.47489051e+07 3.46238944e+07], 计算结果: 4318.0666682518595
2025-09-26 10:15:19,319 - 输入参数: [2.02760115e+06 7.28060768e+06 1.13403589e+02 1.00000000e+03
 1.00000000e+08 1.00000000e+08], 计算结果: 4268.0793973781565
2025-09-26 10:15:33,148 - 输入参数: [1.00000000e+07 1.00000000e+07 8.04704473e+02 1.00000000e+03
 7.94598207e+07 0.00000000e+00], 计算结果: 7751.722083981986
2025-09-26 10:15:52,326 - 输入参数: [3.39911508e+06 4.15668204e+06 2.45553417e+02 1.00000000e+03
 5.36384114e+07 4.10386261e+07], 计算结果: 3877.025551065896
2025-09-26 10:16:12,357 - 输入参数: [3.28979961e+06 1.00000000e+07 1.01527940e+02 1.00000000e+03
 3.00621390e+07 4.06035125e+07], 计算结果: 4644.621029860271
2025-09-26 10:16:25,678 - 输入参数: [1.00000000e+07 1.00000000e+07 9.53569129e+01 9.96391770e+02
 2.98639903e+07 0.00000000e+00], 计算结果: 8826.399506607515
2025-09-26 10:16:45,249 - 输入参数: [2.96408186e+06 2.21983468e+06 3.18865771e+02 1.00000000e+03
 6.50480644e+07 3.96962852e+07], 计算结果: 3966.58452386258
2025-09-26 10:16:56,811 - 输入参数: [0.00000000e+00 8.12207654e+06 0.00000000e+00 8.91806938e+02
 0.00000000e+00 8.45569970e+06], 计算结果: 13931.508469306213
2025-09-26 10:17:15,573 - 输入参数: [4.63483418e+06 4.36425973e+06 4.42443887e+02 1.00000000e+03
 4.61122243e+07 2.60702177e+07], 计算结果: 4280.815332760678
2025-09-26 10:17:34,235 - 输入参数: [1.16076162e+05 4.61150285e+06 2.15749780e+02 1.00000000e+03
 0.00000000e+00 4.06891165e+07], 计算结果: 6631.7488257647
2025-09-26 10:17:53,437 - 输入参数: [4.29392209e+06 2.20963668e+06 2.32092612e+02 1.00000000e+03
 5.20071117e+07 1.72867870e+07], 计算结果: 4274.1821556262485
2025-09-26 10:18:12,099 - 输入参数: [1.00000000e+07 8.99600739e+06 2.73439615e+02 1.00000000e+03
 4.70710472e+07 3.99113883e+07], 计算结果: 4577.518503254062
2025-09-26 10:18:30,978 - 输入参数: [0.00000000e+00 7.37901596e+06 2.46677863e+02 1.00000000e+03
 6.75440711e+07 2.39501431e+06], 计算结果: 6417.434399467574
2025-09-26 10:18:45,566 - 输入参数: [2.78499174e+06 4.31527633e+06 3.17343448e+02 1.00000000e+03
 1.00000000e+08 0.00000000e+00], 计算结果: 7935.034842771445
2025-09-26 10:19:04,812 - 输入参数: [5.60153825e+06 5.83938784e+06 2.12069472e+02 0.00000000e+00
 6.35904177e+07 5.58210680e+07], 计算结果: 4268.850188998083
2025-09-26 10:19:23,411 - 输入参数: [3.64970118e+06 3.99665722e+06 2.60713187e+02 1.00000000e+03
 3.96344419e+07 5.65264137e+07], 计算结果: 4216.578990877889
2025-09-26 10:19:42,266 - 输入参数: [4.88464145e+06 1.98415717e+06 2.55594096e+02 9.38489765e+02
 3.47197963e+07 5.19511420e+07], 计算结果: 3992.5682929028135
2025-09-26 10:19:55,838 - 输入参数: [4.87435724e+06 6.05673259e+06 0.00000000e+00 1.00000000e+03
 0.00000000e+00 1.00000000e+08], 计算结果: 5563.064544486678
2025-09-26 10:20:09,511 - 输入参数: [0.00000000e+00 0.00000000e+00 4.92395177e+02 9.72304816e+01
 3.27210310e+07 0.00000000e+00], 计算结果: 10250.376933270327
2025-09-26 10:20:22,970 - 输入参数: [4.05553089e+06 3.53215110e+06 5.19930801e+02 0.00000000e+00
 0.00000000e+00 1.00000000e+08], 计算结果: 5986.2456112122545
2025-09-26 10:20:36,732 - 输入参数: [1.37382201e+06 4.32193733e+06 9.58268342e+01 1.00000000e+03
 6.92923784e+07 0.00000000e+00], 计算结果: 10198.89126080017
2025-09-26 10:20:50,915 - 输入参数: [2.64003975e+06 9.46553202e+05 8.87182146e+02 9.47750027e+02
 0.00000000e+00 6.38890605e+07], 计算结果: 5828.864192717836
2025-09-26 10:20:54,566 - 输入参数: [       0. 10000000.        0.        0.        0.        0.], 计算结果: 17252.275369469153
2025-09-26 10:21:13,177 - 输入参数: [0.00000000e+00 4.03294930e+06 4.61199060e+02 1.00000000e+03
 1.68040748e+06 1.60670608e+07], 计算结果: 5003.735272113057
2025-09-26 10:21:31,993 - 输入参数: [3.67024313e+06 2.87446282e+06 9.50890704e+01 1.00000000e+03
 6.06776948e+07 6.22185058e+07], 计算结果: 3937.090202928972
2025-09-26 10:21:47,398 - 输入参数: [1.05544177e+06 1.27917377e+06 4.39595209e+02 9.53879200e+02
 3.34475070e+07 0.00000000e+00], 计算结果: 8624.571562223466
2025-09-26 10:22:06,229 - 输入参数: [3.27493686e+06 0.00000000e+00 2.47768447e+02 1.00000000e+03
 5.73384170e+07 4.69175959e+07], 计算结果: 4474.766561019693
2025-09-26 10:22:19,530 - 输入参数: [0.00000000e+00 0.00000000e+00 1.00000000e+03 1.89204945e+02
 0.00000000e+00 1.00000000e+08], 计算结果: 20514.330666339913
2025-09-26 10:22:38,347 - 输入参数: [3.75621311e+06 5.62977310e+06 2.29750379e+02 9.80325335e+02
 4.44160362e+07 7.98082123e+07], 计算结果: 4174.184781215334
2025-09-26 10:22:56,975 - 输入参数: [7.19514395e+05 8.28834988e+06 4.39349665e+02 9.96579323e+02
 5.86001000e+07 7.92389295e+07], 计算结果: 4163.400276042481
2025-09-26 10:23:15,904 - 输入参数: [6.55478294e+05 0.00000000e+00 7.52064354e+02 8.45900247e+02
 3.53547301e+07 1.00000000e+08], 计算结果: 4715.536892492613
2025-09-26 10:23:34,030 - 输入参数: [0.00000000e+00 8.79399217e+06 0.00000000e+00 1.00000000e+03
 6.58455643e+07 4.05888300e+07], 计算结果: 4473.2097941633365
2025-09-26 10:23:53,021 - 输入参数: [1.31201438e+06 0.00000000e+00 2.70066777e+02 1.00000000e+03
 4.38254932e+07 3.85724350e+07], 计算结果: 3985.182630682166
2025-09-26 10:24:11,632 - 输入参数: [8.70616375e+06 4.21981787e+06 4.32557911e+02 1.00000000e+03
 3.93915030e+07 6.40439268e+06], 计算结果: 5576.876191987885
2025-09-26 10:24:30,421 - 输入参数: [3.70969019e+06 4.12308180e+06 2.37319532e+02 8.00845803e+02
 5.89624298e+07 3.76137791e+07], 计算结果: 4286.1557702892
2025-09-26 10:24:49,192 - 输入参数: [3.83585842e+06 4.17963989e+06 2.46321837e+02 1.00000000e+03
 8.70928816e+07 5.21945021e+07], 计算结果: 4162.034762356789
2025-09-26 10:25:08,032 - 输入参数: [1.58679561e+06 5.70175402e+06 0.00000000e+00 1.00000000e+03
 5.91633545e+07 4.16643595e+07], 计算结果: 4357.6763635248735
2025-09-26 10:25:21,557 - 输入参数: [4.83616976e+06 1.00000000e+07 2.76230201e+02 1.98882520e+02
 0.00000000e+00 1.00000000e+08], 计算结果: 8275.482416245095
2025-09-26 10:25:40,545 - 输入参数: [3.28589077e+06 4.72312040e+06 2.40006478e+02 1.00000000e+03
 5.35912688e+07 3.19703912e+07], 计算结果: 4249.27826903361
2025-09-26 10:25:59,584 - 输入参数: [5.10540466e+06 0.00000000e+00 2.69270464e+02 9.77766190e+02
 6.47725181e+07 6.24104309e+07], 计算结果: 3938.201342820739
2025-09-26 10:26:18,045 - 输入参数: [4.01253616e+06 7.35767906e+06 3.36996481e+02 1.00000000e+03
 9.53822417e+07 5.29388658e+07], 计算结果: 4277.811820230819
2025-09-26 10:26:37,594 - 输入参数: [3.84353987e+06 6.85561944e+06 2.45246435e+02 1.00000000e+03
 9.71636287e+07 4.00542778e+07], 计算结果: 4582.001226467108
2025-09-26 10:26:51,437 - 输入参数: [1.00000000e+07 0.00000000e+00 5.29485688e+02 0.00000000e+00
 0.00000000e+00 1.00000000e+08], 计算结果: 5901.355762762886
2025-09-26 10:27:04,386 - 输入参数: [1.00000000e+07 1.00000000e+07 5.85054217e+02 1.00000000e+03
 3.72975096e+07 0.00000000e+00], 计算结果: 9797.67851235241
2025-09-26 10:27:18,256 - 输入参数: [3.35235888e+06 0.00000000e+00 0.00000000e+00 8.84602393e+02
 1.00000000e+08 0.00000000e+00], 计算结果: 23078.29754956346
2025-09-26 10:27:36,614 - 输入参数: [1.17000205e+06 1.00000000e+07 4.60978499e+02 1.00000000e+03
 4.34678127e+07 2.53185256e+07], 计算结果: 4675.516059298318
2025-09-26 10:27:55,778 - 输入参数: [2.44053186e+06 1.24887983e+06 4.07685165e+02 0.00000000e+00
 5.76260726e+07 3.33951605e+07], 计算结果: 4272.095996636946
2025-09-26 10:28:14,597 - 输入参数: [6.72857264e+06 1.00000000e+07 0.00000000e+00 5.96609362e+02
 1.00000000e+08 7.36276317e+07], 计算结果: 4154.302284973658
2025-09-26 10:28:33,658 - 输入参数: [1.04782571e+06 2.04198705e+06 7.52305366e+02 1.00000000e+03
 3.03677845e+07 9.93490529e+07], 计算结果: 4059.092925000291
2025-09-26 10:28:52,390 - 输入参数: [1.71138923e+06 4.92947021e+06 4.88459230e+02 1.00000000e+03
 8.32195138e+07 4.82127159e+07], 计算结果: 4415.419430943516
2025-09-26 10:29:11,006 - 输入参数: [0.00000000e+00 0.00000000e+00 7.35699088e+02 0.00000000e+00
 3.82635547e+07 4.18580865e+07], 计算结果: 4920.957702922705
2025-09-26 10:29:24,456 - 输入参数: [4.70369651e+06 5.72928754e+06 9.14625518e+01 1.00000000e+03
 0.00000000e+00 6.39061072e+07], 计算结果: 6189.524433991252
2025-09-26 10:29:43,183 - 输入参数: [1.00000000e+07 1.46447212e+06 1.03939714e+02 1.00000000e+03
 6.07172866e+07 9.45764410e+07], 计算结果: 4088.105184356756
2025-09-26 10:30:02,156 - 输入参数: [3.39911508e+06 4.15668204e+06 2.45553417e+02 1.00000000e+03
 5.36384114e+07 4.10386261e+07], 计算结果: 3877.025551065896
2025-09-26 10:30:20,934 - 输入参数: [3.24240267e+06 7.08987800e+06 9.74202590e+01 1.00000000e+03
 3.98350969e+07 4.09407927e+07], 计算结果: 4306.2867702016565
2025-09-26 10:30:39,644 - 输入参数: [1.00000000e+07 7.86447809e+06 2.21534198e+02 9.44785448e+02
 6.60951182e+07 3.62541160e+07], 计算结果: 4436.9181923733795
2025-09-26 10:30:58,334 - 输入参数: [3.42595559e+06 1.02507673e+06 2.52596029e+02 1.00000000e+03
 4.95718555e+07 4.20181684e+07], 计算结果: 4171.258149555016
2025-09-26 10:31:17,885 - 输入参数: [2.66286324e+06 1.76931594e+06 2.47122238e+02 0.00000000e+00
 6.62626958e+07 2.62177474e+07], 计算结果: 4114.238085090863
2025-09-26 10:31:36,387 - 输入参数: [3.67943236e+06 4.28670621e+06 4.41575858e+02 1.00000000e+03
 6.11862635e+07 4.45199776e+07], 计算结果: 3940.16998775292
2025-09-26 10:31:54,874 - 输入参数: [0.00000000e+00 6.67635503e+06 1.11675878e+02 1.00000000e+03
 6.18149477e+07 1.58371840e+07], 计算结果: 4598.162655202289
2025-09-26 10:32:08,477 - 输入参数: [6.61230206e+06 3.57511427e+06 4.04663164e+02 9.01063202e+02
 6.85704364e+07 0.00000000e+00], 计算结果: 9745.708356488953
2025-09-26 10:32:27,024 - 输入参数: [1.00000000e+07 5.29938445e+06 2.13350481e+02 1.00000000e+03
 4.38343239e+07 4.15605048e+07], 计算结果: 4599.103887066451
2025-09-26 10:32:46,004 - 输入参数: [0.00000000e+00 8.09927462e+06 0.00000000e+00 1.00000000e+03
 1.00000000e+08 4.29958756e+07], 计算结果: 4272.055128971007
2025-09-26 10:33:05,125 - 输入参数: [5.41922968e+06 5.94296976e+06 2.86343606e+02 0.00000000e+00
 6.03173914e+07 1.00000000e+08], 计算结果: 3985.90486468084
2025-09-26 10:33:24,035 - 输入参数: [4.82289813e+06 4.07466042e+06 2.57919222e+02 1.00000000e+03
 5.73160294e+07 4.58600220e+07], 计算结果: 4304.343902808324
2025-09-26 10:33:37,473 - 输入参数: [6.74167104e+06 5.22907918e+06 0.00000000e+00 1.00000000e+03
 4.80678805e+07 0.00000000e+00], 计算结果: 9409.53618410273
2025-09-26 10:33:50,609 - 输入参数: [7.24831321e+06 6.45764015e+06 4.52564147e+02 1.00000000e+03
 1.00000000e+08 0.00000000e+00], 计算结果: 9999.30889561251
2025-09-26 10:34:03,874 - 输入参数: [4.13264603e+06 4.95599510e+06 9.76333672e+01 1.00000000e+03
 2.69969726e+07 0.00000000e+00], 计算结果: 10036.837697407242
2025-09-26 10:34:17,765 - 输入参数: [1.08120463e+06 7.86747518e+06 9.57924928e+01 1.00000000e+03
 4.22432256e+07 0.00000000e+00], 计算结果: 9109.662727112196
2025-09-26 10:34:32,509 - 输入参数: [2.99587975e+06 4.37535623e+06 6.51179592e+02 4.92620229e+02
 5.73180477e+07 0.00000000e+00], 计算结果: 8299.873212645696
2025-09-26 10:34:47,734 - 输入参数: [2.39502447e+05 7.85518644e+06 1.02176700e+02 6.53983644e+02
 2.66297976e+07 0.00000000e+00], 计算结果: 8329.152742366963
2025-09-26 10:35:06,530 - 输入参数: [4.14388015e+06 5.60887178e+06 8.53938953e+02 9.29249250e+02
 4.67791743e+07 4.49940993e+07], 计算结果: 4238.057408294601
2025-09-26 10:35:20,054 - 输入参数: [1.00000000e+07 1.00000000e+07 4.97909828e+01 0.00000000e+00
 0.00000000e+00 1.00000000e+08], 计算结果: 6565.115545129241
2025-09-26 10:35:33,714 - 输入参数: [3.78453964e+06 7.93741557e+06 7.75001720e+02 1.00000000e+03
 4.28926182e+07 0.00000000e+00], 计算结果: 8417.137645586647
2025-09-26 10:35:52,717 - 输入参数: [2.99812795e+06 5.43888719e+06 1.69917687e+02 1.00000000e+03
 5.95168761e+07 6.10891681e+07], 计算结果: 4196.929127389388
2025-09-26 10:36:11,305 - 输入参数: [5.04040024e+06 5.02673996e+06 7.67184963e+02 9.23188398e+02
 2.66636755e+07 5.75957919e+07], 计算结果: 4114.978657961313
2025-09-26 10:36:30,751 - 输入参数: [3.45255062e+06 3.54067820e+06 2.44213824e+02 1.00000000e+03
 5.39075250e+07 3.95666586e+07], 计算结果: 3894.8227279921794
2025-09-26 10:36:49,876 - 输入参数: [5.11622984e+06 5.54886342e+06 0.00000000e+00 8.99738272e+02
 1.00000000e+08 9.32890794e+07], 计算结果: 4040.4084262286933
2025-09-26 10:37:03,151 - 输入参数: [5.20674952e+06 1.00000000e+07 7.18985791e+02 1.00000000e+03
 4.84973524e+07 0.00000000e+00], 计算结果: 10387.588260120221
2025-09-26 10:37:22,006 - 输入参数: [1.00000000e+07 0.00000000e+00 7.42436588e+02 2.13372481e+02
 4.23927457e+07 2.97868652e+07], 计算结果: 4422.10343800929
2025-09-26 10:37:41,279 - 输入参数: [5.77573892e+05 3.01267210e+06 0.00000000e+00 1.00000000e+03
 5.96281237e+07 5.54904152e+06], 计算结果: 5232.943253468289
2025-09-26 10:38:00,266 - 输入参数: [4.02134717e+06 4.02418940e+06 6.72901897e+02 1.00000000e+03
 8.65494199e+07 4.03241713e+07], 计算结果: 4177.323064312883
2025-09-26 10:38:19,083 - 输入参数: [1.00000000e+07 7.66196863e+06 8.08251163e+01 1.00000000e+03
 2.85610643e+07 6.22852131e+07], 计算结果: 4599.77891360183
2025-09-26 10:38:37,831 - 输入参数: [0.00000000e+00 7.41904856e+06 3.93580366e+02 9.03852175e+02
 1.00000000e+08 1.03728447e+06], 计算结果: 6465.860768666509
2025-09-26 10:38:42,553 - 输入参数: [6.41856288e+06 1.00000000e+07 7.70334206e+01 8.96199821e+02
 0.00000000e+00 0.00000000e+00], 计算结果: 11476.532490122449
2025-09-26 10:39:01,394 - 输入参数: [ 9214987.42999823  7180927.30999048        0.                0.
 38389421.89923795 23235836.13638264], 计算结果: 4855.325592440041
2025-09-26 10:39:15,210 - 输入参数: [1.46784312e+06 7.38536966e+06 4.85356611e+02 2.44235057e+02
 0.00000000e+00 4.95966160e+07], 计算结果: 6539.29538149531
2025-09-26 10:39:20,020 - 输入参数: [4.84613086e+06 5.83832539e+06 3.07335155e+02 1.00000000e+03
 0.00000000e+00 0.00000000e+00], 计算结果: 12878.105661384401
2025-09-26 10:39:35,631 - 输入参数: [4.80908097e+06 6.42820410e+06 3.58567399e+02 1.00000000e+03
 0.00000000e+00 2.43958282e+06], 计算结果: 11243.254013013986
2025-09-26 10:39:54,505 - 输入参数: [4.90355832e+06 1.64288560e+06 0.00000000e+00 9.99733635e+02
 8.83671983e+07 9.06261658e+07], 计算结果: 4072.2086328108044
2025-09-26 10:40:00,932 - 输入参数: [0.00000000e+00 1.48922152e+06 0.00000000e+00 2.36827371e+01
 0.00000000e+00 0.00000000e+00], 计算结果: 18393.099666702186
2025-09-26 10:40:19,339 - 输入参数: [2.65521560e+06 2.80900290e+06 2.81145294e+02 1.00000000e+03
 1.00000000e+08 3.50332497e+07], 计算结果: 3923.0799059735255
2025-09-26 10:40:36,817 - 输入参数: [1.00000000e+07 7.23974518e+06 0.00000000e+00 1.00000000e+03
 2.15471162e+07 1.10082477e+07], 计算结果: 6122.508881053514
2025-09-26 10:40:55,558 - 输入参数: [8.51530628e+06 6.98656164e+05 0.00000000e+00 1.00000000e+03
 2.81855026e+07 3.57443587e+07], 计算结果: 4537.573598060842
2025-09-26 10:41:14,485 - 输入参数: [1.00000000e+07 1.00000000e+07 5.70184126e+02 7.81746193e+02
 5.83795449e+07 6.37459453e+07], 计算结果: 4198.340763298524
2025-09-26 10:41:33,587 - 输入参数: [2.31749078e+06 6.10455922e+05 6.61709400e+01 1.00000000e+03
 5.78006361e+07 3.19280706e+07], 计算结果: 4092.285726673758
2025-09-26 10:41:52,394 - 输入参数: [2.86615989e+06 8.22608481e+06 3.63382429e+02 1.00000000e+03
 5.51178147e+07 4.02325547e+07], 计算结果: 4383.771091190191
2025-09-26 10:42:06,338 - 输入参数: [0.0000000e+00 5.6284326e+06 0.0000000e+00 1.0000000e+03 1.0000000e+08
 0.0000000e+00], 计算结果: 10304.978797614742
2025-09-26 10:42:25,084 - 输入参数: [4.24280569e+06 2.91536551e+06 0.00000000e+00 1.00000000e+03
 6.17296843e+07 9.89617076e+07], 计算结果: 4192.453104555045
2025-09-26 10:42:44,415 - 输入参数: [2.71694954e+06 2.21474515e+06 1.43239159e+02 1.00000000e+03
 7.23031085e+07 3.10472430e+07], 计算结果: 4049.8575574565943
2025-09-26 10:43:03,533 - 输入参数: [5.24127359e+06 1.14935664e+06 1.00000000e+03 1.00000000e+03
 5.93365085e+07 4.12070712e+07], 计算结果: 4000.177406551439
2025-09-26 10:43:17,519 - 输入参数: [4.04915767e+06 7.07526086e+06 1.77584295e+01 2.16140891e+02
 0.00000000e+00 1.00000000e+08], 计算结果: 6033.633758620766
2025-09-26 10:43:36,500 - 输入参数: [4.71678158e+06 2.85702534e+06 2.49043157e+02 1.00000000e+03
 5.15828136e+07 8.15808528e+07], 计算结果: 4004.8795910119456
2025-09-26 10:43:55,883 - 输入参数: [3.39911508e+06 4.15668204e+06 2.45553417e+02 1.00000000e+03
 5.36384114e+07 4.10386261e+07], 计算结果: 3877.025551065896
2025-09-26 10:44:14,485 - 输入参数: [3.14133860e+06 7.09555688e+06 5.69406012e+02 1.00000000e+03
 5.86872943e+07 4.09950559e+07], 计算结果: 4173.945829149443
2025-09-26 10:44:34,288 - 输入参数: [0.00000000e+00 7.92809144e+06 1.00000000e+03 9.40498903e+02
 6.75259786e+07 4.09985987e+06], 计算结果: 5810.364492214843
2025-09-26 10:44:53,870 - 输入参数: [3.39933767e+06 3.40225928e+06 2.41237254e+02 1.00000000e+03
 5.13977924e+07 4.18819042e+07], 计算结果: 4286.592788715672
2025-09-26 10:45:13,055 - 输入参数: [4.73946813e+06 4.04793847e+06 5.76579990e+02 1.00000000e+03
 1.00000000e+08 1.00000000e+08], 计算结果: 4207.281856807593
2025-09-26 10:45:32,203 - 输入参数: [3.49683619e+06 4.07402752e+06 1.26665423e+02 1.00000000e+03
 4.15804221e+07 4.25555639e+07], 计算结果: 4200.41626381364
2025-09-26 10:45:46,557 - 输入参数: [0.00000000e+00 4.20117202e+06 2.94791793e+02 1.00000000e+03
 3.76630764e+07 0.00000000e+00], 计算结果: 12369.908272957593
2025-09-26 10:46:06,185 - 输入参数: [0.00000000e+00 3.40200185e+06 2.83296856e+02 1.00000000e+03
 5.44206970e+07 1.80187220e+07], 计算结果: 4579.255832557616
2025-09-26 10:46:25,135 - 输入参数: [2.53937392e+06 8.03862366e+06 6.74589283e+02 0.00000000e+00
 1.95448741e+07 9.13638617e+06], 计算结果: 5725.259284574703
2025-09-26 10:46:44,416 - 输入参数: [1.00000000e+07 5.29128701e+06 3.12654325e+02 3.53382067e+02
 8.73025609e+07 5.77090990e+07], 计算结果: 4035.9076710820523
2025-09-26 10:47:03,491 - 输入参数: [5.44486275e+06 3.17332369e+06 2.08444613e+02 6.69167649e+02
 5.05202788e+07 1.00000000e+08], 计算结果: 4212.851007184561
2025-09-26 10:47:23,080 - 输入参数: [1.98709263e+06 1.00000000e+07 1.00000000e+03 8.22926140e+02
 1.00000000e+08 5.74177848e+07], 计算结果: 4346.494764815432
2025-09-26 10:47:36,931 - 输入参数: [6.56867664e+06 5.22519377e+06 0.00000000e+00 1.00000000e+03
 5.96072955e+07 0.00000000e+00], 计算结果: 9361.364209920452
2025-09-26 10:47:51,419 - 输入参数: [6.04902953e+06 1.00000000e+07 2.77596835e+02 1.00000000e+03
 1.00000000e+08 0.00000000e+00], 计算结果: 8418.315951162322
2025-09-26 10:48:10,759 - 输入参数: [2.81652833e+06 9.60986043e+06 4.36904549e+02 1.00000000e+03
 1.00000000e+08 1.00000000e+08], 计算结果: 4377.5982308547245
2025-09-26 10:48:25,216 - 输入参数: [0.00000000e+00 6.70911325e+06 2.85017303e+02 9.42245780e+02
 3.88106373e+07 0.00000000e+00], 计算结果: 8998.564620912839
2025-09-26 10:48:44,418 - 输入参数: [2.95154631e+06 4.34120505e+06 0.00000000e+00 1.00000000e+03
 6.32656978e+07 7.38208916e+07], 计算结果: 3999.4541946476475
